<?xml version="1.0" encoding="UTF-8"?>
<testsuite xmlns:xsi="http://www.w3.org/2001/XMLSchema-instance" xsi:noNamespaceSchemaLocation="https://maven.apache.org/surefire/maven-surefire-plugin/xsd/surefire-test-report.xsd" name="org.springframework.samples.petclinic.web.VetControllerTests" time="0.475" tests="3" errors="0" skipped="0" failures="0">
  <properties>
[...]
</properties>
  <testcase name="testShowVetListXml" classname="org.springframework.samples.petclinic.web.VetControllerTests" time="0.196"/>
  <testcase name="testShowVetListHtml" classname="org.springframework.samples.petclinic.web.VetControllerTests" time="0.025"/>
  <testcase name="testShowResourcesVetList" classname="org.springframework.samples.petclinic.web.VetControllerTests" time="0.232"/>
</testsuite>